{"C:\\Users\\Sky\\Desktop\\react-testing\\src\\components\\Greet.tsx": {"path":"C:\\Users\\Sky\\Desktop\\react-testing\\src\\components\\Greet.tsx","statementMap":{"0":{"start":{"line":1,"column":14},"end":{"line":8,"column":1}},"1":{"start":{"line":2,"column":2},"end":{"line":7,"column":4}}},"fnMap":{"0":{"name":"(anonymous_0)","decl":{"start":{"line":1,"column":14},"end":{"line":1,"column":15}},"loc":{"start":{"line":1,"column":47},"end":{"line":8,"column":1}},"line":1}},"branchMap":{"0":{"loc":{"start":{"line":4,"column":18},"end":{"line":4,"column":39}},"type":"cond-expr","locations":[{"start":{"line":4,"column":25},"end":{"line":4,"column":29}},{"start":{"line":4,"column":32},"end":{"line":4,"column":39}}],"line":4}},"s":{"0":1,"1":1},"f":{"0":1},"b":{"0":[0,1]},"_coverageSchema":"1a1c01bbd47fc00a2c39e90264f33305004495a9","hash":"8798a2a8492442c0ddc97a2d1bb8fafe7565622a"}
}
